WARNING: ignoring environment value of R_HOME
Loading *annotated* integrated Seurat object from: /gpfs/commons/home/jameslee/HGSOC/output/seurat/integrated_seurat_annotated.rds 
Annotated object loaded successfully.
Subsetting object to keep only ' Non-immune cells '...
Subset created. Number of cells: 85759 
Setting cell identities to 'tumor_stage' for DEG...
Starting DEG analysis (comparing each stage vs. Normal)...
Comparing IIIB vs. Normal...
Found 9697 markers for IIIB vs. Normal.
Saving results to: /gpfs/commons/home/jameslee/HGSOC/output/diff_expr/non_immune/DEG_IIIB_vs_Normal_wilcox.csv 

Comparing IIB vs. Normal...
Found 9854 markers for IIB vs. Normal.
Saving results to: /gpfs/commons/home/jameslee/HGSOC/output/diff_expr/non_immune/DEG_IIB_vs_Normal_wilcox.csv 

Comparing IC2 vs. Normal...
Found 10384 markers for IC2 vs. Normal.
Saving results to: /gpfs/commons/home/jameslee/HGSOC/output/diff_expr/non_immune/DEG_IC2_vs_Normal_wilcox.csv 

Comparing IIIC vs. Normal...
Found 9292 markers for IIIC vs. Normal.
Saving results to: /gpfs/commons/home/jameslee/HGSOC/output/diff_expr/non_immune/DEG_IIIC_vs_Normal_wilcox.csv 

DEG analysis complete for non-immune cells.
Results saved in: /gpfs/commons/home/jameslee/HGSOC/output/diff_expr/non_immune 
WARNING: ignoring environment value of R_HOME
Found 4 DEG files to process.

Processing: IC2_vs_Normal_wilcox.csv 
  Found 9685 significant genes.
  Mapped 9225 genes to Entrez IDs.
  Running enrichGO for Ontology: BP ...
  Simplified enrichment results for BP .
  Saved enrichment table for BP .
  Saved plots for BP .
  Running enrichGO for Ontology: MF ...
  Simplified enrichment results for MF .
  Saved enrichment table for MF .
  Saved plots for MF .
  Running enrichGO for Ontology: CC ...
  Simplified enrichment results for CC .
  Saved enrichment table for CC .
  Saved plots for CC .

Processing: IIB_vs_Normal_wilcox.csv 
  Found 9223 significant genes.
  Mapped 8796 genes to Entrez IDs.
  Running enrichGO for Ontology: BP ...
  Simplified enrichment results for BP .
  Saved enrichment table for BP .
  Saved plots for BP .
  Running enrichGO for Ontology: MF ...
  Simplified enrichment results for MF .
  Saved enrichment table for MF .
  Saved plots for MF .
  Running enrichGO for Ontology: CC ...
  Simplified enrichment results for CC .
  Saved enrichment table for CC .
  Saved plots for CC .

Processing: IIIB_vs_Normal_wilcox.csv 
  Found 9450 significant genes.
  Mapped 9114 genes to Entrez IDs.
  Running enrichGO for Ontology: BP ...
  Simplified enrichment results for BP .
  Saved enrichment table for BP .
  Saved plots for BP .
  Running enrichGO for Ontology: MF ...
  Simplified enrichment results for MF .
  Saved enrichment table for MF .
  Saved plots for MF .
  Running enrichGO for Ontology: CC ...
  Simplified enrichment results for CC .
  Saved enrichment table for CC .
  Saved plots for CC .

Processing: IIIC_vs_Normal_wilcox.csv 
  Found 8931 significant genes.
  Mapped 8644 genes to Entrez IDs.
  Running enrichGO for Ontology: BP ...
  Simplified enrichment results for BP .
  Saved enrichment table for BP .
  Saved plots for BP .
  Running enrichGO for Ontology: MF ...
  Simplified enrichment results for MF .
  Saved enrichment table for MF .
  Saved plots for MF .
  Running enrichGO for Ontology: CC ...
  Simplified enrichment results for CC .
  Saved enrichment table for CC .
  Saved plots for CC .

GO enrichment analysis complete.
Results saved in: /gpfs/commons/home/jameslee/HGSOC/output/enrichment/GO 
WARNING: ignoring environment value of R_HOME
Found 4 DEG files to process for GSEA.

Processing GSEA for: IC2_vs_Normal 
  Prepared ranked list with 9902 genes.
  Running gseGO for Ontology: BP ...
  Saved GSEA table for BP .
  Saved GSEA plots for BP .

Processing GSEA for: IIB_vs_Normal 
  Prepared ranked list with 9411 genes.
  Running gseGO for Ontology: BP ...
  Saved GSEA table for BP .
  Saved GSEA plots for BP .

Processing GSEA for: IIIB_vs_Normal 
  Prepared ranked list with 9354 genes.
  Running gseGO for Ontology: BP ...
  Saved GSEA table for BP .
  Saved GSEA plots for BP .

Processing GSEA for: IIIC_vs_Normal 
  Prepared ranked list with 8992 genes.
  Running gseGO for Ontology: BP ...
  Saved GSEA table for BP .
  Saved GSEA plots for BP .

GSEA analysis complete.
Results saved in: /gpfs/commons/home/jameslee/HGSOC/output/enrichment/GSEA 
DEG, GO, and GSEA job completed
