WARNING: ignoring environment value of R_HOME
Loading *annotated* integrated Seurat object from: /gpfs/commons/home/jameslee/HGSOC/output/seurat/integrated_seurat_annotated.rds 
Annotated object loaded successfully.
Subsetting object to keep only ' Macrophages '...
Subset created. Number of cells: 12976 
Setting cell identities to 'tumor_stage' for DEG...
Starting DEG analysis (comparing each stage vs. Normal)...
Comparing IIIB vs. Normal...
Found 5036 markers for IIIB vs. Normal.
Saving results to: /gpfs/commons/home/jameslee/HGSOC/output/diff_expr/macrophages/DEG_IIIB_vs_Normal_wilcox.csv 

Comparing IIB vs. Normal...
Found 3936 markers for IIB vs. Normal.
Saving results to: /gpfs/commons/home/jameslee/HGSOC/output/diff_expr/macrophages/DEG_IIB_vs_Normal_wilcox.csv 

Comparing IC2 vs. Normal...
Found 5004 markers for IC2 vs. Normal.
Saving results to: /gpfs/commons/home/jameslee/HGSOC/output/diff_expr/macrophages/DEG_IC2_vs_Normal_wilcox.csv 

Comparing IIIC vs. Normal...
Found 4169 markers for IIIC vs. Normal.
Saving results to: /gpfs/commons/home/jameslee/HGSOC/output/diff_expr/macrophages/DEG_IIIC_vs_Normal_wilcox.csv 

DEG analysis complete for macrophages.
Results saved in: /gpfs/commons/home/jameslee/HGSOC/output/diff_expr/macrophages 
DEG_macrophages job completed
