Loading required package: SeuratObject
Loading required package: sp

Attaching package: ‘SeuratObject’

The following objects are masked from ‘package:base’:

    intersect, t


Attaching package: ‘dplyr’

The following objects are masked from ‘package:stats’:

    filter, lag

The following objects are masked from ‘package:base’:

    intersect, setdiff, setequal, union


clusterProfiler v4.14.4 Learn more at https://yulab-smu.top/contribution-knowledge-mining/

Please cite:

G Yu. Thirteen years of clusterProfiler. The Innovation. 2024,
5(6):100722

Attaching package: ‘clusterProfiler’

The following object is masked from ‘package:stats’:

    filter

enrichplot v1.26.6 Learn more at https://yulab-smu.top/contribution-knowledge-mining/

Please cite:

Guangchuang Yu. Using meshes for MeSH term enrichment and semantic
analyses. Bioinformatics. 2018, 34(21):3766-3767,
doi:10.1093/bioinformatics/bty410
Loading required package: AnnotationDbi
Loading required package: stats4
Loading required package: BiocGenerics

Attaching package: ‘BiocGenerics’

The following objects are masked from ‘package:stats’:

    IQR, mad, sd, var, xtabs

The following objects are masked from ‘package:base’:

    anyDuplicated, aperm, append, as.data.frame, basename, cbind,
    colnames, dirname, do.call, duplicated, eval, evalq, Filter, Find,
    get, grep, grepl, intersect, is.unsorted, lapply, Map, mapply,
    match, mget, order, paste, pmax, pmax.int, pmin, pmin.int,
    Position, rank, rbind, Reduce, rownames, sapply, saveRDS, setdiff,
    table, tapply, union, unique, unsplit, which.max, which.min

Loading required package: Biobase
Welcome to Bioconductor

    Vignettes contain introductory material; view with
    'browseVignettes()'. To cite Bioconductor, see
    'citation("Biobase")', and for packages 'citation("pkgname")'.

Loading required package: IRanges
Loading required package: S4Vectors

Attaching package: ‘S4Vectors’

The following object is masked from ‘package:clusterProfiler’:

    rename

The following object is masked from ‘package:utils’:

    findMatches

The following objects are masked from ‘package:base’:

    expand.grid, I, unname


Attaching package: ‘IRanges’

The following object is masked from ‘package:clusterProfiler’:

    slice


Attaching package: ‘AnnotationDbi’

The following object is masked from ‘package:clusterProfiler’:

    select



Attaching package: ‘dplyr’

The following object is masked from ‘package:AnnotationDbi’:

    select

The following objects are masked from ‘package:IRanges’:

    collapse, desc, intersect, setdiff, slice, union

The following objects are masked from ‘package:S4Vectors’:

    first, intersect, rename, setdiff, setequal, union

The following object is masked from ‘package:Biobase’:

    combine

The following objects are masked from ‘package:BiocGenerics’:

    combine, intersect, setdiff, union

The following objects are masked from ‘package:stats’:

    filter, lag

The following objects are masked from ‘package:base’:

    intersect, setdiff, setequal, union

'select()' returned 1:many mapping between keys and columns
'select()' returned 1:many mapping between keys and columns
'select()' returned 1:many mapping between keys and columns
'select()' returned 1:many mapping between keys and columns
Warning messages:
1: In bitr(sig_genes, fromType = "SYMBOL", toType = "ENTREZID", OrgDb = org.Hs.eg.db) :
  4.76% of input gene IDs are fail to map...
2: In bitr(sig_genes, fromType = "SYMBOL", toType = "ENTREZID", OrgDb = org.Hs.eg.db) :
  4.64% of input gene IDs are fail to map...
3: In bitr(sig_genes, fromType = "SYMBOL", toType = "ENTREZID", OrgDb = org.Hs.eg.db) :
  3.57% of input gene IDs are fail to map...
4: In bitr(sig_genes, fromType = "SYMBOL", toType = "ENTREZID", OrgDb = org.Hs.eg.db) :
  3.22% of input gene IDs are fail to map...

clusterProfiler v4.14.4 Learn more at https://yulab-smu.top/contribution-knowledge-mining/

Please cite:

S Xu, E Hu, Y Cai, Z Xie, X Luo, L Zhan, W Tang, Q Wang, B Liu, R Wang,
W Xie, T Wu, L Xie, G Yu. Using clusterProfiler to characterize
multiomics data. Nature Protocols. 2024, 19(11):3292-3320

Attaching package: ‘clusterProfiler’

The following object is masked from ‘package:stats’:

    filter

enrichplot v1.26.6 Learn more at https://yulab-smu.top/contribution-knowledge-mining/

Please cite:

Guangchuang Yu. Using meshes for MeSH term enrichment and semantic
analyses. Bioinformatics. 2018, 34(21):3766-3767,
doi:10.1093/bioinformatics/bty410
Loading required package: AnnotationDbi
Loading required package: stats4
Loading required package: BiocGenerics

Attaching package: ‘BiocGenerics’

The following objects are masked from ‘package:stats’:

    IQR, mad, sd, var, xtabs

The following objects are masked from ‘package:base’:

    anyDuplicated, aperm, append, as.data.frame, basename, cbind,
    colnames, dirname, do.call, duplicated, eval, evalq, Filter, Find,
    get, grep, grepl, intersect, is.unsorted, lapply, Map, mapply,
    match, mget, order, paste, pmax, pmax.int, pmin, pmin.int,
    Position, rank, rbind, Reduce, rownames, sapply, saveRDS, setdiff,
    table, tapply, union, unique, unsplit, which.max, which.min

Loading required package: Biobase
Welcome to Bioconductor

    Vignettes contain introductory material; view with
    'browseVignettes()'. To cite Bioconductor, see
    'citation("Biobase")', and for packages 'citation("pkgname")'.

Loading required package: IRanges
Loading required package: S4Vectors

Attaching package: ‘S4Vectors’

The following object is masked from ‘package:clusterProfiler’:

    rename

The following object is masked from ‘package:utils’:

    findMatches

The following objects are masked from ‘package:base’:

    expand.grid, I, unname


Attaching package: ‘IRanges’

The following object is masked from ‘package:clusterProfiler’:

    slice


Attaching package: ‘AnnotationDbi’

The following object is masked from ‘package:clusterProfiler’:

    select



Attaching package: ‘dplyr’

The following object is masked from ‘package:AnnotationDbi’:

    select

The following objects are masked from ‘package:IRanges’:

    collapse, desc, intersect, setdiff, slice, union

The following objects are masked from ‘package:S4Vectors’:

    first, intersect, rename, setdiff, setequal, union

The following object is masked from ‘package:Biobase’:

    combine

The following objects are masked from ‘package:BiocGenerics’:

    combine, intersect, setdiff, union

The following objects are masked from ‘package:stats’:

    filter, lag

The following objects are masked from ‘package:base’:

    intersect, setdiff, setequal, union

'select()' returned 1:many mapping between keys and columns
Picking joint bandwidth of 0.672
'select()' returned 1:many mapping between keys and columns
Picking joint bandwidth of 0.358
'select()' returned 1:many mapping between keys and columns
Picking joint bandwidth of 0.603
'select()' returned 1:many mapping between keys and columns
Picking joint bandwidth of 0.801
There were 16 warnings (use warnings() to see them)
