WARNING: ignoring environment value of R_HOME
[1] "Metadata loaded"
[1] "Found 12 raw RDS files to process:"
 [1] "/gpfs/commons/home/jameslee/HGSOC/output/seurat/GSM5599220_raw.rds"
 [2] "/gpfs/commons/home/jameslee/HGSOC/output/seurat/GSM5599221_raw.rds"
 [3] "/gpfs/commons/home/jameslee/HGSOC/output/seurat/GSM5599222_raw.rds"
 [4] "/gpfs/commons/home/jameslee/HGSOC/output/seurat/GSM5599223_raw.rds"
 [5] "/gpfs/commons/home/jameslee/HGSOC/output/seurat/GSM5599224_raw.rds"
 [6] "/gpfs/commons/home/jameslee/HGSOC/output/seurat/GSM5599225_raw.rds"
 [7] "/gpfs/commons/home/jameslee/HGSOC/output/seurat/GSM5599226_raw.rds"
 [8] "/gpfs/commons/home/jameslee/HGSOC/output/seurat/GSM5599227_raw.rds"
 [9] "/gpfs/commons/home/jameslee/HGSOC/output/seurat/GSM5599228_raw.rds"
[10] "/gpfs/commons/home/jameslee/HGSOC/output/seurat/GSM5599229_raw.rds"
[11] "/gpfs/commons/home/jameslee/HGSOC/output/seurat/GSM5599230_raw.rds"
[12] "/gpfs/commons/home/jameslee/HGSOC/output/seurat/GSM5599231_raw.rds"
[1] "Loading GSM5599220 from /gpfs/commons/home/jameslee/HGSOC/output/seurat/GSM5599220_raw.rds"
[1] "Loading GSM5599221 from /gpfs/commons/home/jameslee/HGSOC/output/seurat/GSM5599221_raw.rds"
[1] "Loading GSM5599222 from /gpfs/commons/home/jameslee/HGSOC/output/seurat/GSM5599222_raw.rds"
[1] "Loading GSM5599223 from /gpfs/commons/home/jameslee/HGSOC/output/seurat/GSM5599223_raw.rds"
[1] "Loading GSM5599224 from /gpfs/commons/home/jameslee/HGSOC/output/seurat/GSM5599224_raw.rds"
[1] "Loading GSM5599225 from /gpfs/commons/home/jameslee/HGSOC/output/seurat/GSM5599225_raw.rds"
[1] "Loading GSM5599226 from /gpfs/commons/home/jameslee/HGSOC/output/seurat/GSM5599226_raw.rds"
[1] "Loading GSM5599227 from /gpfs/commons/home/jameslee/HGSOC/output/seurat/GSM5599227_raw.rds"
[1] "Loading GSM5599228 from /gpfs/commons/home/jameslee/HGSOC/output/seurat/GSM5599228_raw.rds"
[1] "Loading GSM5599229 from /gpfs/commons/home/jameslee/HGSOC/output/seurat/GSM5599229_raw.rds"
[1] "Loading GSM5599230 from /gpfs/commons/home/jameslee/HGSOC/output/seurat/GSM5599230_raw.rds"
[1] "Loading GSM5599231 from /gpfs/commons/home/jameslee/HGSOC/output/seurat/GSM5599231_raw.rds"
[1] "Loaded 12 samples for processing"
[1] "Preprocessing GSM5599220"
[1] "After filtering: 24117 cells remain"
[1] "Preprocessing GSM5599221"
[1] "After filtering: 19904 cells remain"
[1] "Preprocessing GSM5599222"
[1] "After filtering: 17183 cells remain"
[1] "Preprocessing GSM5599223"
[1] "After filtering: 25161 cells remain"
[1] "Preprocessing GSM5599224"
[1] "After filtering: 14866 cells remain"
[1] "Preprocessing GSM5599225"
[1] "After filtering: 61669 cells remain"
[1] "Preprocessing GSM5599226"
[1] "After filtering: 14392 cells remain"
[1] "Preprocessing GSM5599227"
[1] "After filtering: 18602 cells remain"
[1] "Preprocessing GSM5599228"
[1] "After filtering: 12965 cells remain"
[1] "Preprocessing GSM5599229"
[1] "After filtering: 56309 cells remain"
[1] "Preprocessing GSM5599230"
[1] "After filtering: 18061 cells remain"
[1] "Preprocessing GSM5599231"
[1] "After filtering: 14249 cells remain"
[1] "Integrating all samples..."
[1] "Finding variable features..."
[1] "Scaling data..."
[1] "Running PCA..."
[1] "Integrating with CCAIntegration..."
Combined pipeline job completed at Sat Apr 26 01:48:20 PM EDT 2025
